2026-06-09T10:16:01.967+05:30  INFO 4040 --- [main] com.hospital.HospitalApplication         : Starting HospitalApplication using Java 23.0.2 with PID 4040 (C:\Users\ADMIN\eclipse-workspace\SmartHospitalSystem\target\classes started by ADMIN in C:\Users\ADMIN\eclipse-workspace\SmartHospitalSystem)
2026-06-09T10:16:02.010+05:30  INFO 4040 --- [main] com.hospital.HospitalApplication         : No active profile set, falling back to 1 default profile: "default"
2026-06-09T10:16:04.750+05:30  INFO 4040 --- [main] .s.d.r.c.RepositoryConfigurationDelegate : Multiple Spring Data modules found, entering strict repository configuration mode
2026-06-09T10:16:04.754+05:30  INFO 4040 --- [main] .s.d.r.c.RepositoryConfigurationDelegate : Bootstrapping Spring Data JPA repositories in DEFAULT mode.
2026-06-09T10:16:05.093+05:30  INFO 4040 --- [main] .s.d.r.c.RepositoryConfigurationDelegate : Finished Spring Data repository scanning in 323 ms. Found 1 JPA repository interface.
2026-06-09T10:16:05.125+05:30  INFO 4040 --- [main] .s.d.r.c.RepositoryConfigurationDelegate : Multiple Spring Data modules found, entering strict repository configuration mode
2026-06-09T10:16:05.128+05:30  INFO 4040 --- [main] .s.d.r.c.RepositoryConfigurationDelegate : Bootstrapping Spring Data Redis repositories in DEFAULT mode.
2026-06-09T10:16:05.161+05:30  INFO 4040 --- [main] .RepositoryConfigurationExtensionSupport : Spring Data Redis - Could not safely identify store assignment for repository candidate interface com.hospital.repository.ScheduleRepository; If you want this repository to be a Redis repository, consider annotating your entities with one of these annotations: org.springframework.data.redis.core.RedisHash (preferred), or consider extending one of the following types with your repository: org.springframework.data.keyvalue.repository.KeyValueRepository
2026-06-09T10:16:05.161+05:30  INFO 4040 --- [main] .s.d.r.c.RepositoryConfigurationDelegate : Finished Spring Data repository scanning in 9 ms. Found 0 Redis repository interfaces.
2026-06-09T10:16:06.693+05:30  INFO 4040 --- [main] o.s.b.w.embedded.tomcat.TomcatWebServer  : Tomcat initialized with port 8088 (http)
2026-06-09T10:16:06.715+05:30  INFO 4040 --- [main] o.apache.catalina.core.StandardService   : Starting service [Tomcat]
2026-06-09T10:16:06.715+05:30  INFO 4040 --- [main] o.apache.catalina.core.StandardEngine    : Starting Servlet engine: [Apache Tomcat/10.1.20]
2026-06-09T10:16:06.830+05:30  INFO 4040 --- [main] o.a.c.c.C.[Tomcat].[localhost].[/]       : Initializing Spring embedded WebApplicationContext
2026-06-09T10:16:06.830+05:30  INFO 4040 --- [main] w.s.c.ServletWebServerApplicationContext : Root WebApplicationContext: initialization completed in 4593 ms
2026-06-09T10:16:07.896+05:30  INFO 4040 --- [main] o.hibernate.jpa.internal.util.LogHelper  : HHH000204: Processing PersistenceUnitInfo [name: default]
2026-06-09T10:16:08.041+05:30  INFO 4040 --- [main] org.hibernate.Version                    : HHH000412: Hibernate ORM core version 6.4.4.Final
2026-06-09T10:16:08.116+05:30  INFO 4040 --- [main] o.h.c.internal.RegionFactoryInitiator    : HHH000026: Second-level cache disabled
2026-06-09T10:16:08.676+05:30  INFO 4040 --- [main] o.s.o.j.p.SpringPersistenceUnitInfo      : No LoadTimeWeaver setup: ignoring JPA class transformer
2026-06-09T10:16:08.723+05:30  INFO 4040 --- [main] com.zaxxer.hikari.HikariDataSource       : HikariPool-1 - Starting...
2026-06-09T10:16:09.475+05:30  INFO 4040 --- [main] com.zaxxer.hikari.pool.HikariPool        : HikariPool-1 - Added connection com.mysql.cj.jdbc.ConnectionImpl@60fe75f7
2026-06-09T10:16:09.477+05:30  INFO 4040 --- [main] com.zaxxer.hikari.HikariDataSource       : HikariPool-1 - Start completed.
2026-06-09T10:16:11.057+05:30  INFO 4040 --- [main] o.h.e.t.j.p.i.JtaPlatformInitiator       : HHH000489: No JTA platform available (set 'hibernate.transaction.jta.platform' to enable JTA platform integration)
2026-06-09T10:16:11.145+05:30  INFO 4040 --- [main] j.LocalContainerEntityManagerFactoryBean : Initialized JPA EntityManagerFactory for persistence unit 'default'
2026-06-09T10:16:11.758+05:30  INFO 4040 --- [main] o.s.d.j.r.query.QueryEnhancerFactory     : Hibernate is in classpath; If applicable, HQL parser will be used.
2026-06-09T10:16:11.964+05:30  WARN 4040 --- [main] JpaBaseConfiguration$JpaWebConfiguration : spring.jpa.open-in-view is enabled by default. Therefore, database queries may be performed during view rendering. Explicitly configure spring.jpa.open-in-view to disable this warning
2026-06-09T10:16:12.818+05:30  INFO 4040 --- [main] o.s.b.a.e.web.EndpointLinksResolver      : Exposing 2 endpoint(s) beneath base path '/actuator'
2026-06-09T10:16:12.864+05:30  INFO 4040 --- [main] o.s.s.web.DefaultSecurityFilterChain     : Will secure any request with [org.springframework.security.web.session.DisableEncodeUrlFilter@7db53694, org.springframework.security.web.context.request.async.WebAsyncManagerIntegrationFilter@dc72335, org.springframework.security.web.context.SecurityContextHolderFilter@4e132a9b, org.springframework.security.web.header.HeaderWriterFilter@11c68269, org.springframework.web.filter.CorsFilter@4c2057c6, org.springframework.security.web.authentication.logout.LogoutFilter@7e641005, org.springframework.security.web.savedrequest.RequestCacheAwareFilter@4973dacf, org.springframework.security.web.servletapi.SecurityContextHolderAwareRequestFilter@28806954, org.springframework.security.web.authentication.AnonymousAuthenticationFilter@7abc838a, org.springframework.security.web.access.ExceptionTranslationFilter@5037f491, org.springframework.security.web.access.intercept.AuthorizationFilter@57642552]
2026-06-09T10:16:14.013+05:30  INFO 4040 --- [main] o.s.b.w.embedded.tomcat.TomcatWebServer  : Tomcat started on port 8088 (http) with context path ''
2026-06-09T10:16:14.046+05:30  INFO 4040 --- [main] com.hospital.HospitalApplication         : Started HospitalApplication in 13.067 seconds (process running for 14.253)
2026-06-09T10:16:45.135+05:30  INFO 4040 --- [http-nio-8088-exec-1] o.a.c.c.C.[Tomcat].[localhost].[/]       : Initializing Spring DispatcherServlet 'dispatcherServlet'
2026-06-09T10:16:45.136+05:30  INFO 4040 --- [http-nio-8088-exec-1] o.s.web.servlet.DispatcherServlet        : Initializing Servlet 'dispatcherServlet'
2026-06-09T10:16:45.142+05:30  INFO 4040 --- [http-nio-8088-exec-1] o.s.web.servlet.DispatcherServlet        : Completed initialization in 6 ms
